<TestRun>
  <DateTime>2020-3-3 12:23:34</DateTime>
  <HostName>INBDGRERFERE</HostName>
  <UserID>ing1234</UserID>
  <version />
  <TestCaseResults />
</TestRun>